<?xml version="1.0" encoding="UTF-8"?>
<!-- Generated by org.testng.reporters.JUnitXMLReporter -->
<testsuite ignored="0" hostname="Yashi-BStat" failures="0" tests="3" name="Default test" time="39.421" errors="0" timestamp="2024-12-27T15:20:55 IST">
  <testcase classname="com.POMtestclass.cartTest" name="placeAnOrder" time="0.147"/>
  <testcase classname="com.POMtestclass.cartTest" name="fillForm" time="6.167"/>
  <testcase classname="com.POMtestclass.cartTest" name="detailsScreenshot" time="6.434"/>
</testsuite> <!-- Default test -->
